  main.cpp
c:\users\aprabhak\onedrive - qualcomm\desktop\imgui-master\imgui-master\examples\kisymgen\main.cpp(64): warning C4553: '==': operator has no effect; did you intend '='?
c:\users\aprabhak\onedrive - qualcomm\desktop\imgui-master\imgui-master\examples\kisymgen\main.cpp(65): warning C4996: 'strcpy': This function or variable may be unsafe. Consider using strcpy_s instead. To disable deprecation, use _CRT_SECURE_NO_WARNINGS. See online help for details.
  c:\program files (x86)\windows kits\10\include\10.0.16299.0\ucrt\string.h(132): note: see declaration of 'strcpy'
c:\users\aprabhak\onedrive - qualcomm\desktop\imgui-master\imgui-master\examples\kisymgen\main.cpp(66): warning C4996: 'strcat': This function or variable may be unsafe. Consider using strcat_s instead. To disable deprecation, use _CRT_SECURE_NO_WARNINGS. See online help for details.
  c:\program files (x86)\windows kits\10\include\10.0.16299.0\ucrt\string.h(89): note: see declaration of 'strcat'
c:\users\aprabhak\onedrive - qualcomm\desktop\imgui-master\imgui-master\examples\kisymgen\main.cpp(161): warning C4244: '=': conversion from 'double' to 'float', possible loss of data
c:\users\aprabhak\onedrive - qualcomm\desktop\imgui-master\imgui-master\examples\kisymgen\main.cpp(167): warning C4244: '=': conversion from 'double' to 'float', possible loss of data
c:\users\aprabhak\onedrive - qualcomm\desktop\imgui-master\imgui-master\examples\kisymgen\main.cpp(324): warning C4996: 'sprintf': This function or variable may be unsafe. Consider using sprintf_s instead. To disable deprecation, use _CRT_SECURE_NO_WARNINGS. See online help for details.
  c:\program files (x86)\windows kits\10\include\10.0.16299.0\ucrt\stdio.h(1772): note: see declaration of 'sprintf'
c:\users\aprabhak\onedrive - qualcomm\desktop\imgui-master\imgui-master\examples\kisymgen\main.cpp(332): warning C4996: 'sprintf': This function or variable may be unsafe. Consider using sprintf_s instead. To disable deprecation, use _CRT_SECURE_NO_WARNINGS. See online help for details.
  c:\program files (x86)\windows kits\10\include\10.0.16299.0\ucrt\stdio.h(1772): note: see declaration of 'sprintf'
c:\users\aprabhak\onedrive - qualcomm\desktop\imgui-master\imgui-master\examples\kisymgen\main.cpp(342): warning C4996: 'sprintf': This function or variable may be unsafe. Consider using sprintf_s instead. To disable deprecation, use _CRT_SECURE_NO_WARNINGS. See online help for details.
  c:\program files (x86)\windows kits\10\include\10.0.16299.0\ucrt\stdio.h(1772): note: see declaration of 'sprintf'
c:\users\aprabhak\onedrive - qualcomm\desktop\imgui-master\imgui-master\examples\kisymgen\main.cpp(349): warning C4996: 'sprintf': This function or variable may be unsafe. Consider using sprintf_s instead. To disable deprecation, use _CRT_SECURE_NO_WARNINGS. See online help for details.
  c:\program files (x86)\windows kits\10\include\10.0.16299.0\ucrt\stdio.h(1772): note: see declaration of 'sprintf'
c:\users\aprabhak\onedrive - qualcomm\desktop\imgui-master\imgui-master\examples\kisymgen\main.cpp(356): warning C4996: 'sprintf': This function or variable may be unsafe. Consider using sprintf_s instead. To disable deprecation, use _CRT_SECURE_NO_WARNINGS. See online help for details.
  c:\program files (x86)\windows kits\10\include\10.0.16299.0\ucrt\stdio.h(1772): note: see declaration of 'sprintf'
c:\users\aprabhak\onedrive - qualcomm\desktop\imgui-master\imgui-master\examples\kisymgen\main.cpp(363): warning C4996: 'sprintf': This function or variable may be unsafe. Consider using sprintf_s instead. To disable deprecation, use _CRT_SECURE_NO_WARNINGS. See online help for details.
  c:\program files (x86)\windows kits\10\include\10.0.16299.0\ucrt\stdio.h(1772): note: see declaration of 'sprintf'
c:\users\aprabhak\onedrive - qualcomm\desktop\imgui-master\imgui-master\examples\kisymgen\main.cpp(529): warning C4130: '==': logical operation on address of string constant
c:\users\aprabhak\onedrive - qualcomm\desktop\imgui-master\imgui-master\examples\kisymgen\main.cpp(537): warning C4130: '==': logical operation on address of string constant
c:\users\aprabhak\onedrive - qualcomm\desktop\imgui-master\imgui-master\examples\kisymgen\main.cpp(586): warning C4456: declaration of 'no_close' hides previous local declaration
  c:\users\aprabhak\onedrive - qualcomm\desktop\imgui-master\imgui-master\examples\kisymgen\main.cpp(474): note: see declaration of 'no_close'
c:\users\aprabhak\onedrive - qualcomm\desktop\imgui-master\imgui-master\examples\kisymgen\main.cpp(587): warning C4456: declaration of 'no_collapse' hides previous local declaration
  c:\users\aprabhak\onedrive - qualcomm\desktop\imgui-master\imgui-master\examples\kisymgen\main.cpp(473): note: see declaration of 'no_collapse'
c:\users\aprabhak\onedrive - qualcomm\desktop\imgui-master\imgui-master\examples\kisymgen\main.cpp(689): warning C4456: declaration of 'no_close' hides previous local declaration
  c:\users\aprabhak\onedrive - qualcomm\desktop\imgui-master\imgui-master\examples\kisymgen\main.cpp(586): note: see declaration of 'no_close'
c:\users\aprabhak\onedrive - qualcomm\desktop\imgui-master\imgui-master\examples\kisymgen\main.cpp(690): warning C4456: declaration of 'no_collapse' hides previous local declaration
  c:\users\aprabhak\onedrive - qualcomm\desktop\imgui-master\imgui-master\examples\kisymgen\main.cpp(587): note: see declaration of 'no_collapse'
c:\users\aprabhak\onedrive - qualcomm\desktop\imgui-master\imgui-master\examples\kisymgen\main.cpp(707): warning C4996: 'strcpy': This function or variable may be unsafe. Consider using strcpy_s instead. To disable deprecation, use _CRT_SECURE_NO_WARNINGS. See online help for details.
  c:\program files (x86)\windows kits\10\include\10.0.16299.0\ucrt\string.h(132): note: see declaration of 'strcpy'
c:\users\aprabhak\onedrive - qualcomm\desktop\imgui-master\imgui-master\examples\kisymgen\main.cpp(708): warning C4996: 'strcat': This function or variable may be unsafe. Consider using strcat_s instead. To disable deprecation, use _CRT_SECURE_NO_WARNINGS. See online help for details.
  c:\program files (x86)\windows kits\10\include\10.0.16299.0\ucrt\string.h(89): note: see declaration of 'strcat'
c:\users\aprabhak\onedrive - qualcomm\desktop\imgui-master\imgui-master\examples\kisymgen\main.cpp(719): warning C4456: declaration of 'no_close' hides previous local declaration
  c:\users\aprabhak\onedrive - qualcomm\desktop\imgui-master\imgui-master\examples\kisymgen\main.cpp(689): note: see declaration of 'no_close'
c:\users\aprabhak\onedrive - qualcomm\desktop\imgui-master\imgui-master\examples\kisymgen\main.cpp(720): warning C4456: declaration of 'no_collapse' hides previous local declaration
  c:\users\aprabhak\onedrive - qualcomm\desktop\imgui-master\imgui-master\examples\kisymgen\main.cpp(690): note: see declaration of 'no_collapse'
c:\users\aprabhak\onedrive - qualcomm\desktop\imgui-master\imgui-master\examples\kisymgen\main.cpp(721): warning C4456: declaration of 'syboltypeflag' hides previous local declaration
  c:\users\aprabhak\onedrive - qualcomm\desktop\imgui-master\imgui-master\examples\kisymgen\main.cpp(588): note: see declaration of 'syboltypeflag'
c:\users\aprabhak\onedrive - qualcomm\desktop\imgui-master\imgui-master\examples\kisymgen\main.cpp(738): warning C4456: declaration of 'no_collapse' hides previous local declaration
  c:\users\aprabhak\onedrive - qualcomm\desktop\imgui-master\imgui-master\examples\kisymgen\main.cpp(587): note: see declaration of 'no_collapse'
c:\users\aprabhak\onedrive - qualcomm\desktop\imgui-master\imgui-master\examples\kisymgen\main.cpp(739): warning C4456: declaration of 'no_close' hides previous local declaration
  c:\users\aprabhak\onedrive - qualcomm\desktop\imgui-master\imgui-master\examples\kisymgen\main.cpp(586): note: see declaration of 'no_close'
c:\users\aprabhak\onedrive - qualcomm\desktop\imgui-master\imgui-master\examples\kisymgen\main.cpp(746): warning C4130: '==': logical operation on address of string constant
c:\users\aprabhak\onedrive - qualcomm\desktop\imgui-master\imgui-master\examples\kisymgen\main.cpp(747): warning C4244: 'argument': conversion from 'float' to 'int', possible loss of data
c:\users\aprabhak\onedrive - qualcomm\desktop\imgui-master\imgui-master\examples\kisymgen\main.cpp(750): warning C4244: 'argument': conversion from 'float' to 'int', possible loss of data
c:\users\aprabhak\onedrive - qualcomm\desktop\imgui-master\imgui-master\examples\kisymgen\main.cpp(709): warning C4996: 'fopen': This function or variable may be unsafe. Consider using fopen_s instead. To disable deprecation, use _CRT_SECURE_NO_WARNINGS. See online help for details.
  c:\program files (x86)\windows kits\10\include\10.0.16299.0\ucrt\stdio.h(207): note: see declaration of 'fopen'
c:\users\aprabhak\onedrive - qualcomm\desktop\imgui-master\imgui-master\examples\kisymgen\main.cpp(448): warning C4189: 'show_another_window': local variable is initialized but not referenced
c:\users\aprabhak\onedrive - qualcomm\desktop\imgui-master\imgui-master\examples\kisymgen\main.cpp(193): warning C4505: 'preview_draw_lr_sym': unreferenced local function has been removed
  Generating code
  1 of 1608 functions ( 0.1%) were compiled, the rest were copied from previous compilation.
    0 functions were new in current compilation
    2 functions had inline decision re-evaluated but remain unchanged
  Finished generating code
  kicad_symbol_generator.vcxproj -> C:\Users\aprabhak\OneDrive - Qualcomm\Desktop\imgui-master\imgui-master\examples\kisymgen\Release\kicad_symbol_generator.exe
